[    1381ms] Error: Switched to client rendering because the server rendering errored:

Cannot read properties of undefined (reading 'map')
    at JobFiltersBar (file:///Users/mo/Desktop/code/personal/startupjobs/.next/dev/server/chunks/ssr/_0rl51zb._.js?id=%5Bproject%5D%2Fcomponents%2Fjob-filters.tsx+%5Bapp-ssr%5D+%28ecmascript%29:283:63)
    at Object.react_stack_bottom_frame (/Users/mo/Desktop/code/personal/startupjobs/node_modules/.pnpm/next@16.2.1_react-dom@19.2.3_react@19.2.3__react@19.2.3/node_modules/next/dist/compiled/next-server/app-page-turbo.runtime.dev.js:2:311311)
    at renderWithHooks (/Users/mo/Desktop/code/personal/startupjobs/node_modules/.pnpm/next@16.2.1_react-dom@19.2.3_react@19.2.3__react@19.2.3/node_modules/next/dist/compiled/next-server/app-page-turbo.runtime.dev.js:2:118339)
    at renderElement (/Users/mo/Desktop/code/personal/startupjobs/node_modules/.pnpm/next@16.2.1_react-dom@19.2.3_react@19.2.3__react@19.2.3/node_modules/next/dist/compiled/next-server/app-page-turbo.runtime.dev.js:2:133011)
    at retryNode (/Users/mo/Desktop/code/personal/startupjobs/node_modules/.pnpm/next@16.2.1_react-dom@19.2.3_react@19.2.3__react@19.2.3/node_modules/next/dist/compiled/next-server/app-page-turbo.runtime.dev.js:2:201940)
    at renderNodeDestructive (/Users/mo/Desktop/code/personal/startupjobs/node_modules/.pnpm/next@16.2.1_react-dom@19.2.3_react@19.2.3__react@19.2.3/node_modules/next/dist/compiled/next-server/app-page-turbo.runtime.dev.js:2:201175)
    at renderNode (/Users/mo/Desktop/code/personal/startupjobs/node_modules/.pnpm/next@16.2.1_react-dom@19.2.3_react@19.2.3__react@19.2.3/node_modules/next/dist/compiled/next-server/app-page-turbo.runtime.dev.js:2:213093)
    at renderChildrenArray (/Users/mo/Desktop/code/personal/startupjobs/node_modules/.pnpm/next@16.2.1_react-dom@19.2.3_react@19.2.3__react@19.2.3/node_modules/next/dist/compiled/next-server/app-page-turbo.runtime.dev.js:2:207654)
    at retryNode (/Users/mo/Desktop/code/personal/startupjobs/node_modules/.pnpm/next@16.2.1_react-dom@19.2.3_react@19.2.3__react@19.2.3/node_modules/next/dist/compiled/next-server/app-page-turbo.runtime.dev.js:2:202417)
    at renderNodeDestructive (/Users/mo/Desktop/code/personal/startupjobs/node_modules/.pnpm/next@16.2.1_react-dom@19.2.3_react@19.2.3__react@19.2.3/node_modules/next/dist/compiled/next-server/app-page-turbo.runtime.dev.js:2:201175)
    at renderNode (/Users/mo/Desktop/code/personal/startupjobs/node_modules/.pnpm/next@16.2.1_react-dom@19.2.3_react@19.2.3__react@19.2.3/node_modules/next/dist/compiled/next-server/app-page-turbo.runtime.dev.js:2:213093)
    at renderElement (/Users/mo/Desktop/code/personal/startupjobs/node_modules/.pnpm/next@16.2.1_react-dom@19.2.3_react@19.2.3__react@19.2.3/node_modules/next/dist/compiled/next-server/app-page-turbo.runtime.dev.js:2:181773)
    at retryNode (/Users/mo/Desktop/code/personal/startupjobs/node_modules/.pnpm/next@16.2.1_react-dom@19.2.3_react@19.2.3__react@19.2.3/node_modules/next/dist/compiled/next-server/app-page-turbo.runtime.dev.js:2:201940)
    at renderNodeDestructive (/Users/mo/Desktop/code/personal/startupjobs/node_modules/.pnpm/next@16.2.1_react-dom@19.2.3_react@19.2.3__react@19.2.3/node_modules/next/dist/compiled/next-server/app-page-turbo.runtime.dev.js:2:201175)
    at finishFunctionComponent (/Users/mo/Desktop/code/personal/startupjobs/node_modules/.pnpm/next@16.2.1_react-dom@19.2.3_react@19.2.3__react@19.2.3/node_modules/next/dist/compiled/next-server/app-page-turbo.runtime.dev.js:2:119349)
    at renderElement (/Users/mo/Desktop/code/personal/startupjobs/node_modules/.pnpm/next@16.2.1_react-dom@19.2.3_react@19.2.3__react@19.2.3/node_modules/next/dist/compiled/next-server/app-page-turbo.runtime.dev.js:2:134520)
    at renderElement (/Users/mo/Desktop/code/personal/startupjobs/node_modules/.pnpm/next@16.2.1_react-dom@19.2.3_react@19.2.3__react@19.2.3/node_modules/next/dist/compiled/next-server/app-page-turbo.runtime.dev.js:2:194974)
    at retryNode (/Users/mo/Desktop/code/personal/startupjobs/node_modules/.pnpm/next@16.2.1_react-dom@19.2.3_react@19.2.3__react@19.2.3/node_modules/next/dist/compiled/next-server/app-page-turbo.runtime.dev.js:2:201940)
    at renderNodeDestructive (/Users/mo/Desktop/code/personal/startupjobs/node_modules/.pnpm/next@16.2.1_react-dom@19.2.3_react@19.2.3__react@19.2.3/node_modules/next/dist/compiled/next-server/app-page-turbo.runtime.dev.js:2:201175)
    at retryNode (/Users/mo/Desktop/code/personal/startupjobs/node_modules/.pnpm/next@16.2.1_react-dom@19.2.3_react@19.2.3__react@19.2.3/node_modules/next/dist/compiled/next-server/app-page-turbo.runtime.dev.js:2:202325)
    at performWork (/Users/mo/Desktop/code/personal/startupjobs/node_modules/.pnpm/next@16.2.1_react-dom@19.2.3_react@19.2.3__react@19.2.3/node_modules/next/dist/compiled/next-server/app-page-turbo.runtime.dev.js:2:223847)
    at Immediate._onImmediate (/Users/mo/Desktop/code/personal/startupjobs/node_modules/.pnpm/next@16.2.1_react-dom@19.2.3_react@19.2.3__react@19.2.3/node_modules/next/dist/compiled/next-server/app-page-turbo.runtime.dev.js:2:103267)
    at process.processImmediate (node:internal/timers:491:21)
    at process.callbackTrampoline (node:internal/async_hooks:130:17)
